Determining if the pthread_create exist failed with the following output:
Change Dir: /home/enzo/Documentos/Facultad/AED3/tp2-algo3/src/cmake-build-debug/CMakeFiles/CMakeTmp

Run Build Command:"/usr/bin/make" "cmTC_8e708/fast"
/usr/bin/make -f CMakeFiles/cmTC_8e708.dir/build.make CMakeFiles/cmTC_8e708.dir/build
make[1]: se entra en el directorio '/home/enzo/Documentos/Facultad/AED3/tp2-algo3/src/cmake-build-debug/CMakeFiles/CMakeTmp'
Building C object CMakeFiles/cmTC_8e708.dir/CheckSymbolExists.c.o
/usr/bin/cc    -o CMakeFiles/cmTC_8e708.dir/CheckSymbolExists.c.o   -c /home/enzo/Documentos/Facultad/AED3/tp2-algo3/src/cmake-build-debug/CMakeFiles/CMakeTmp/CheckSymbolExists.c
Linking C executable cmTC_8e708
/home/enzo/Documentos/Programas/clion-2019.1/bin/cmake/linux/bin/cmake -E cmake_link_script CMakeFiles/cmTC_8e708.dir/link.txt --verbose=1
/usr/bin/cc      -rdynamic CMakeFiles/cmTC_8e708.dir/CheckSymbolExists.c.o  -o cmTC_8e708 
/usr/bin/ld: CMakeFiles/cmTC_8e708.dir/CheckSymbolExists.c.o: en la función `main':
CheckSymbolExists.c:(.text+0x1b): referencia a `pthread_create' sin definir
collect2: error: ld returned 1 exit status
make[1]: *** [CMakeFiles/cmTC_8e708.dir/build.make:87: cmTC_8e708] Error 1
make[1]: se sale del directorio '/home/enzo/Documentos/Facultad/AED3/tp2-algo3/src/cmake-build-debug/CMakeFiles/CMakeTmp'
make: *** [Makefile:121: cmTC_8e708/fast] Error 2

File /home/enzo/Documentos/Facultad/AED3/tp2-algo3/src/cmake-build-debug/CMakeFiles/CMakeTmp/CheckSymbolExists.c:
/* */
#include <pthread.h>

int main(int argc, char** argv)
{
  (void)argv;
#ifndef pthread_create
  return ((int*)(&pthread_create))[argc];
#else
  (void)argc;
  return 0;
#endif
}

Determining if the function pthread_create exists in the pthreads failed with the following output:
Change Dir: /home/enzo/Documentos/Facultad/AED3/tp2-algo3/src/cmake-build-debug/CMakeFiles/CMakeTmp

Run Build Command:"/usr/bin/make" "cmTC_e85bc/fast"
/usr/bin/make -f CMakeFiles/cmTC_e85bc.dir/build.make CMakeFiles/cmTC_e85bc.dir/build
make[1]: se entra en el directorio '/home/enzo/Documentos/Facultad/AED3/tp2-algo3/src/cmake-build-debug/CMakeFiles/CMakeTmp'
Building C object CMakeFiles/cmTC_e85bc.dir/CheckFunctionExists.c.o
/usr/bin/cc   -DCHECK_FUNCTION_EXISTS=pthread_create   -o CMakeFiles/cmTC_e85bc.dir/CheckFunctionExists.c.o   -c /home/enzo/Documentos/Programas/clion-2019.1/bin/cmake/linux/share/cmake-3.13/Modules/CheckFunctionExists.c
Linking C executable cmTC_e85bc
/home/enzo/Documentos/Programas/clion-2019.1/bin/cmake/linux/bin/cmake -E cmake_link_script CMakeFiles/cmTC_e85bc.dir/link.txt --verbose=1
/usr/bin/cc  -DCHECK_FUNCTION_EXISTS=pthread_create    -rdynamic CMakeFiles/cmTC_e85bc.dir/CheckFunctionExists.c.o  -o cmTC_e85bc -lpthreads 
/usr/bin/ld: no se puede encontrar -lpthreads
collect2: error: ld returned 1 exit status
make[1]: *** [CMakeFiles/cmTC_e85bc.dir/build.make:87: cmTC_e85bc] Error 1
make[1]: se sale del directorio '/home/enzo/Documentos/Facultad/AED3/tp2-algo3/src/cmake-build-debug/CMakeFiles/CMakeTmp'
make: *** [Makefile:121: cmTC_e85bc/fast] Error 2


